<?xml version="1.0" encoding="UTF-8"?>
<testsuite xmlns:xsi="http://www.w3.org/2001/XMLSchema-instance" xsi:noNamespaceSchemaLocation="https://maven.apache.org/surefire/maven-surefire-plugin/xsd/surefire-test-report-3.0.xsd" version="3.0" name="com.sources.app.util.HibernateUtilTest" time="0.635" tests="1" errors="0" skipped="0" failures="0">
  <properties>
[...]
</properties>
  <testcase name="testHibernateUtilInstantiation" classname="com.sources.app.util.HibernateUtilTest" time="0.635">
    <system-out><![CDATA[Hibernate: drop table if exists "USERS" cascade 
Hibernate: drop table if exists BILL cascade 
Hibernate: drop table if exists BILL_MEDICINE cascade 
Hibernate: drop table if exists CATEGORY cascade 
Hibernate: drop table if exists COMMENTS cascade 
Hibernate: drop table if exists HOSPITAL cascade 
Hibernate: drop table if exists MEDICINE cascade 
Hibernate: drop table if exists MEDICINE_CATSUBCAT cascade 
Hibernate: drop table if exists ORDERS cascade 
Hibernate: drop table if exists ORDERS_MEDICINE cascade 
Hibernate: drop table if exists POLICY cascade 
Hibernate: drop table if exists PRESCRIPTION cascade 
Hibernate: drop table if exists PRESCRIPTION_MEDICINE cascade 
Hibernate: drop table if exists SUBCATEGORY cascade 
Hibernate: create table "USERS" (BIRTHDATE date, ENABLED char(1), ID_POLICY bigint, ID_USER bigint generated by default as identity, ADDRESS varchar(255), CUI varchar(255), EMAIL varchar(255), NAME varchar(255), PASSWORD varchar(255), PHONE varchar(255), ROL varchar(255), STATUS varchar(255), primary key (ID_USER))
Hibernate: create table BILL (COPAY float(53), COVERED_AMOUNT float(53), PATIENT_AMOUNT float(53), SUBTOTAL float(53), TAXES float(53), TOTAL_AMOUNT float(53), CREATED_AT timestamp(6), ID_BILL bigint generated by default as identity, ID_PRESCRIPTION bigint, INSURANCE_APPROVAL_CODE varchar(255), STATUS varchar(255), TOTAL varchar(255), primary key (ID_BILL))
Hibernate: create table BILL_MEDICINE (COPAY float(53), COST float(53), QUANTITY integer, ID_BILL bigint not null, ID_MEDICINE bigint not null, TOTAL varchar(255), primary key (ID_BILL, ID_MEDICINE))
Hibernate: create table CATEGORY (ID_CATEGORY bigint generated by default as identity, NAME varchar(255), primary key (ID_CATEGORY))
Hibernate: create table COMMENTS (RATING integer, ID_COMMENTS bigint generated by default as identity, ID_MEDICINE bigint, ID_PREV_COMMENT bigint, ID_USER bigint, COMMENT_TEXT varchar(255), primary key (ID_COMMENTS))
Hibernate: create table HOSPITAL (ENABLED char(1), ID_HOSPITAL bigint generated by default as identity, ADDRESS varchar(255), EMAIL varchar(255), NAME varchar(255), PHONE varchar(255), primary key (ID_HOSPITAL))
Hibernate: create table MEDICINE (AVERAGE_RATING float(53), PRESCRIPTION boolean, PRESENTACION float(53), PRICE float(53), RATING_COUNT integer, SOLD_UNITS integer, STOCK integer, ID_MEDICINE bigint generated by default as identity, ACTIVE_MEDICAMENT varchar(255), BRAND varchar(255), CONCENTRATION varchar(255), DESCRIPTION varchar(255), IMAGE varchar(255), NAME varchar(255), primary key (ID_MEDICINE))
Hibernate: create table MEDICINE_CATSUBCAT (ID_CATEGORY bigint not null, ID_MEDICINE bigint not null, ID_SUBCATEGORY bigint not null, primary key (ID_CATEGORY, ID_MEDICINE, ID_SUBCATEGORY))
Hibernate: create table ORDERS (CREATED_AT timestamp(6), ID_ORDER bigint generated by default as identity, ID_USER bigint not null, UPDATED_AT timestamp(6), STATUS varchar(255), primary key (ID_ORDER))
Hibernate: create table ORDERS_MEDICINE (COST float(53), QUANTITY integer, ID_MEDICINE bigint not null, ID_ORDER bigint not null, TOTAL varchar(255), primary key (ID_MEDICINE, ID_ORDER))
Hibernate: create table POLICY (ENABLED char(1), EXPIRATION_DATE date, PERCENTAGE float(53), ID_POLICY bigint generated by default as identity, primary key (ID_POLICY))
Hibernate: create table PRESCRIPTION (APPROVED char(1), ID_HOSPITAL bigint, ID_PRESCRIPTION bigint generated by default as identity, ID_USER bigint, primary key (ID_PRESCRIPTION))
Hibernate: create table PRESCRIPTION_MEDICINE (DOSIS float(53), DURACION float(53), FRECUENCIA float(53), ID_MEDICINE bigint not null, ID_PRESCRIPTION bigint not null, primary key (ID_MEDICINE, ID_PRESCRIPTION))
Hibernate: create table SUBCATEGORY (ID_SUBCATEGORY bigint generated by default as identity, NAME varchar(255), primary key (ID_SUBCATEGORY))
Hibernate: alter table if exists "USERS" add constraint FKosmwma0e0mxc7ujj1btrstshs foreign key (ID_POLICY) references POLICY
Hibernate: alter table if exists BILL add constraint FK2buheyvgtofkrjy3c3u8vv8o2 foreign key (ID_PRESCRIPTION) references PRESCRIPTION
Hibernate: alter table if exists BILL_MEDICINE add constraint FK6642e29y1bby03txli0rc7xih foreign key (ID_BILL) references BILL
Hibernate: alter table if exists BILL_MEDICINE add constraint FKc2hcq4u2fyuewollxubnrneu1 foreign key (ID_MEDICINE) references MEDICINE
Hibernate: alter table if exists COMMENTS add constraint FK12oanlx5vj8c4d691anbdei4v foreign key (ID_MEDICINE) references MEDICINE
Hibernate: alter table if exists COMMENTS add constraint FKa6f7jtjmxha1tm4dsfi002sam foreign key (ID_PREV_COMMENT) references COMMENTS
Hibernate: alter table if exists COMMENTS add constraint FKol78p6u56ypgcqlgp80kdb7fe foreign key (ID_USER) references "USERS"
Hibernate: alter table if exists MEDICINE_CATSUBCAT add constraint FK2lent1go6v2h1p41bjgibug2x foreign key (ID_CATEGORY) references CATEGORY
Hibernate: alter table if exists MEDICINE_CATSUBCAT add constraint FKko0rjixyqvjch558ap78jmogh foreign key (ID_MEDICINE) references MEDICINE
Hibernate: alter table if exists MEDICINE_CATSUBCAT add constraint FKmbg3gr5r8pe970ox37y4643tq foreign key (ID_SUBCATEGORY) references SUBCATEGORY
Hibernate: alter table if exists ORDERS add constraint FKl7ehj9iqbhdn0q3mdjvhnodeb foreign key (ID_USER) references "USERS"
Hibernate: alter table if exists ORDERS_MEDICINE add constraint FKqr1msgfohjihtb392e3hyc15j foreign key (ID_MEDICINE) references MEDICINE
Hibernate: alter table if exists ORDERS_MEDICINE add constraint FKcu8anb3o6nsemuxg6hw9o1ob8 foreign key (ID_ORDER) references ORDERS
Hibernate: alter table if exists PRESCRIPTION add constraint FKi35cr7b96cqca4p8i7pgmp7vm foreign key (ID_HOSPITAL) references HOSPITAL
Hibernate: alter table if exists PRESCRIPTION add constraint FKf76y0jraakssjr6nepo6x0luw foreign key (ID_USER) references "USERS"
Hibernate: alter table if exists PRESCRIPTION_MEDICINE add constraint FKs6giexg7drtvds881hdd2y1w7 foreign key (ID_MEDICINE) references MEDICINE
Hibernate: alter table if exists PRESCRIPTION_MEDICINE add constraint FKhmaydlkv5iw1dmurq9f8v61av foreign key (ID_PRESCRIPTION) references PRESCRIPTION
]]></system-out>
    <system-err><![CDATA[Jun 23, 2025 6:49:00 PM org.hibernate.Version logVersion
INFO: HHH000412: Hibernate ORM core version 6.6.6.Final
Jun 23, 2025 6:49:00 PM org.hibernate.cache.internal.RegionFactoryInitiator initiateService
INFO: HHH000026: Second-level cache disabled
Jun 23, 2025 6:49:00 PM org.hibernate.engine.jdbc.connections.internal.DriverManagerConnectionProviderImpl configure
WARN: HHH10001002: Using built-in connection pool (not intended for production use)
Jun 23, 2025 6:49:00 PM org.hibernate.engine.jdbc.dialect.internal.DialectFactoryImpl constructDialect
WARN: HHH90000025: H2Dialect does not need to be specified explicitly using 'hibernate.dialect' (remove the property setting and it will be selected by default)
Jun 23, 2025 6:49:00 PM org.hibernate.engine.jdbc.env.internal.JdbcEnvironmentInitiator initiateService
INFO: HHH10001005: Database info:
	Database JDBC URL [jdbc:h2:mem:testdb;DB_CLOSE_DELAY=-1]
	Database driver: org.h2.Driver
	Database version: 2.1.214
	Autocommit mode: false
	Isolation level: undefined/unknown
	Minimum pool size: 1
	Maximum pool size: 20
Jun 23, 2025 6:49:00 PM org.hibernate.engine.transaction.jta.platform.internal.JtaPlatformInitiator initiateService
INFO: HHH000489: No JTA platform available (set 'hibernate.transaction.jta.platform' to enable JTA platform integration)
Jun 23, 2025 6:49:00 PM org.hibernate.resource.transaction.backend.jdbc.internal.DdlTransactionIsolatorNonJtaImpl getIsolatedConnection
INFO: HHH10001501: Connection obtained from JdbcConnectionAccess [org.hibernate.engine.jdbc.env.internal.JdbcEnvironmentInitiator$ConnectionProviderJdbcConnectionAccess@12670e55] for (non-JTA) DDL execution was not in auto-commit mode; the Connection 'local transaction' will be committed and the Connection will be set into auto-commit mode.
Jun 23, 2025 6:49:00 PM org.hibernate.resource.transaction.backend.jdbc.internal.DdlTransactionIsolatorNonJtaImpl getIsolatedConnection
INFO: HHH10001501: Connection obtained from JdbcConnectionAccess [org.hibernate.engine.jdbc.env.internal.JdbcEnvironmentInitiator$ConnectionProviderJdbcConnectionAccess@7d90644f] for (non-JTA) DDL execution was not in auto-commit mode; the Connection 'local transaction' will be committed and the Connection will be set into auto-commit mode.
]]></system-err>
  </testcase>
</testsuite>